    1  ping 172.29.96.201
    2  ping 172.20.25.9
    3  git clone git@github.com:your/github/repository
    4  git clone git@github.com:a1-collab-singaram-subramanyan
    5  git clone git@https://github.com/singaram-subramanyan/a1-collab-singaram-subramanyan
    6  git clone https://github.com/singaram-subramanyan/a1-collab-singaram-subramanyan.git
    7  git branch username-colab
    8  cd
    9  ls
   10  cd a1-collab-singaram-subramanyan
   11  git branch username-colab
   12  git checkout username-collab
   13  git branch username-colab
   14  git branch
   15  git checkout <usernam-colab>
   16  git checkout <username-colab>
   17  git checkout username-collab
   18  git checkout <username-collab>
   19  cd
   20  ls
   21  cd a1-collab-singaram-subramanyan
   22  ls
   23  collaborators.md
   24  cd collaborators.md
   25  cd Collaborators.md
   26  vi Collaborators.md
   27  passwd
   28  wget www.github.com
   29  172.20.25.9
   30  wget www.github.com
   31  ls
   32  cd a1-collab-singaram-subramanyan
   33  git  branch
   34  git branch username-colab
   35  ls
   36  cd Collaborators.md
   37  vi Collaborators.md
   38  ls
   39  cd a1-collab-singaram-subramanyan
   40  ls 
   41  vi Collaborators.md
   42  git status
   43  git push --set-upstream origin username-collab
   44  git add Collaborators.md
   45  git pull origin main
   46  git checkout main
   47  git merge username-collab
   48  git add Collaborators.md
   49  git branch
   50  git push --set-upstream origin username-colab
   51  git commit -m "Singaram Subramanyan added to collaborators"
   52  git config user.email "singarams246@gmail.com"
   53  git config user.name "Singaram"
   54  git commit -m "Singaram Subramanyan added to collaborators"
   55  git push
   56  git remote set-url origin https://<token>@github.com/<username>/<repo>
   57  git remote set-url origin https://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@github.com/singaram-subramanyan/a1-collab-singaram-subramanyan.git
   58  git push
   59  git remote set-url origin https://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@github.com/singaram-subramanyan/a1-collab-singaram-subramanyan.git
   60  git push
   61  git branch
   62  git clone https://github.com/singaram-subramanyan/a1-collab-singaram-subramanyan.git
   63  ls
   64  cd a1-collab-singaram-subramanyan
   65  ls
   66  passwd
   67  cd
   68  ls
   69  cd CS131_fa24_datafiles
   70  ls
   71  cd Lec02
   72  ls
   73  egrep wor goodluck.txt
   74  egrep dred goodluck.txt
   75  egrep 'Good luck, babe' goodluck.txt
   76  egrep 'Good luck, babe' | wc
   77  cd
   78  ls
   79  cd CS131_fa24_datafiles
   80  ls
   81  cd Lec02
   82  ls
   83  egrep wor goodluck.txt
   84  egrep dred goodluck.txt
   85  egrep 'Good luck, babe' goodluck.txt
   86  egrep 'Good luck, babe' goodluck.txt | wc -l -w
   87  egrep 'Good luck, babe' goodluck.txt | wc -l -w > Subramanyan-S_a2_counts.txt
   88  ls
   89  vi Subramanyan-S_a2_counts.txt
   90  history > Subramanyan-S_a2_cmds.log
   91  cd..
   92  cd
   93  ls
   94  git clone https://github.com/CS131-BigDataProcessing/CS131_fa24_datafiles
   95  ls
   96  cd CS131_fa24_datafiles
   97  ls
   98  cd Lec)2
   99  cd Lec02
  100  ls
  101  ls
  102  cs CS131_fa24_datafiles
  103  cd CS131_fa24_datafiles
  104  ls
  105  cd Lec02
  106  ls
  107  ls goodluck.txt
  108  cd goodluck.txt
  109  sort goodluck.txt
  110  wc goodluck.txt
  111  grep wor goodluck.txt
  112  egrep wor goodluck.txt
  113  egrep dred goodluck.txt
  114  grep "Good Luck, Babe"
  115  git clone https://github.com/CS131-BigDataProcessing/mini-assignments-singaram-subramanyan.git
  116  ls
  117  cd CS131_fa24_datafiles 
  118  ls
  119  cd Lec02
  120  ls
  121  pwd
  122  cd
  123  ls
  124  cd mini-assignments-singaram-subramanyan
  125  ls
  126  mkdir Subramanyan-S_A2
  127  ls
  128  cd Subramanyan-S_A2
  129  pwd
  130  mv /mnt/scratch/FA24_CS131_Jessica/ssubramanyanfa24/CS131_fa24_datafiles/Lec02/Subramanyan-S_a2_cmds.log /mnt/scratch/FA24_CS131_Jessica/ssubramanyanfa24/mini-assignments-singaram-subramanyan/Subramanyan-S_A2
  131  ls
  132  mv /mnt/scratch/FA24_CS131_Jessica/ssubramanyanfa24/CS131_fa24_datafiles/Lec02/Subramanyan-S_a2_counts.txt /mnt/scratch/FA24_CS131_Jessica/ssubramanyanfa24/mini-assignments-singaram-subramanyan/Subramanyan-S_A2
  133  ls
  134  cd
  135  ls
  136  mini-assignments-singaram-subramanyan
  137  ls
  138  cd mini-assignments-singaram-subramanyan
  139  ls
  140  cd Subramanyan-S_A2
  141  ls
  142  cd
  143  git add Singaram-S_A2
  144  ls
  145  cd mini-assignments-singaram-subramanyan
  146  ls
  147  git add Singaram-S_A2
  148  git add Subramanyan-S_A2
  149  git status
  150  git commit -m "Added history log and count files"
  151  git status
  152  ls
  153  cd mini-assignments-singaram-subramanyan
  154  ls
  155  cd Subramanyan-S_A2
  156  ls
  157  git add Subramanyan-S_a2_cmds.log
  158  git add Subramanyan-S_a2_counts.txt
  159  git status
  160  cd
  161  git commit -m "Added Log and text file for A2"
  162  ls
  163  cd  mini-assignments-singaram-subramanyan
  164  ls
  165  cd  Subramanyan-S_A2
  166  ls
  167  git add Subramanyan-S_a2_cmds.log 
  168  git add Subramanyan-S_a2_counts.txt
  169  git status
  170  cd
  171  ls
  172  cd  mini-assignments-singaram-subramanyan
  173  git commit -m "Added Log and text file"
  174  git remote set-url origin https://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@github.com/CS131-BigDataProcessing/mini-assignments-singaram-subramanyan.git
  175  git commit -m "Added Log and text file"
  176  git config 
  177   git config --global user.email "you@example.com"
  178   git config --global user.name "Your Name"
  179  git commit -m "Added Log and text file"
  180  ls
  181  cd mini-assignments-singaram-subramanyan
  182  ls
  183  cd Subramanyan-S_A2
  184  ls
  185  git add Subramanyan-S_a2_cmds.log
  186  git add Subramanyan-S_a2_counts.txt
  187  git status
  188  git Revert Head
  189  git revert HEAD
  190  cd 
  191  ls
  192  cd mini-assignments-singaram-subramanyan
  193  git commit -m "Added Log and text file
  194  git status
  195  ls
  196  cd mini-assignments-singaram-subramanyan
  197  ls
  198  cd
  199  ls
  200  cd CS131_fa24_datafiles
  201  ls
  202  cd Lec02
  203  ls
  204  egrep wor goodluck.txt
  205  egrep dred goodluck.txt
  206  grep 'Good luck, babe' goodluck.txt
  207  grep 'Good luck, babe' goodluck.txt | wc -l -w
  208  grep 'Good luck, babe' goodluck.txt | wc -l -w > Subramanyan-S_a2_counts.txt
  209  vi Subramanyan-S_a2_counts.txt
  210  history > Subramanyan-S_a2_cmds.log
  211  ls
  212  cd
  213  ls
  214  mini-assignments-singaram-subramanyan
  215  ls
  216  cd mini-assignments-singaram-subramanyan
  217  ls
  218  mkdir Subramanyan-S_A2
  219  ls
  220  cd  Subramanyan-S_A2
  221  pwd
  222  cd
  223  ls
  224  cd CS131_fa24_datafiles
  225  ls
  226  cd Lec)2
  227  cd Lec02
  228  ls
  229  pwd
  230  mv /mnt/scratch/FA24_CS131_Jessica/ssubramanyanfa24/CS131_fa24_datafiles/Lec02/Subramanyan-S_a2_counts.txt /mnt/scratch/FA24_CS131_Jessica/ssubramanyanfa24/mini-assignments-singaram-subramanyan/Subramanyan-S_A2
  231  mv /mnt/scratch/FA24_CS131_Jessica/ssubramanyanfa24/CS131_fa24_datafiles/Lec02/Subramanyan-S_a2_cmds.log /mnt/scratch/FA24_CS131_Jessica/ssubramanyanfa24/mini-assignments-singaram-subramanyan/Subramanyan-S_A2
  232  cd
  233  ls
  234  cd  mini-assignments-singaram-subramanyan
  235  ls
  236  cd Subramanyan-S_A2
  237  ls
  238  cd
  239  cd  mini-assignments-singaram-subramanyan
  240  cd Subramanyan-S_A2
  241  git add Subramanyan-S_a2_cmds.log
  242  git add Subramanyan-S_a2_counts.txt
  243  cd
  244  cd  mini-assignments-singaram-subramanyan
  245  git commit -m "Added text and log files"
  246  git push
  247  ls
  248  cd Subramanyan-S_A2
  249  vi Subramanyan-S_a2_cmds.log
  250  git config --global user.email "singaram246@gmail.com"
  251  git config --global user.name "Singaram Subramanyan"
  252  ls
  253  cd
  254  ls
  255  cd  mini-assignments-singaram-subramanyan
  256  git -m commit "Log and Text file added"
  257  git commit -m "Log and Text file added"
  258  git push
  259  ld
  260  l
  261  ls
  262  cd Subramanyan-S_A2
  263  ls
  264  vi Subramanyan-S_a2_cmds.log
  265  git push
  266   https://github.com/CS131-BigDataProcessing/mini-assignments-singaram-subramanyan/security/secret-scanning/unblock-secret/2mB5SRiyIMFakqQJvTtbxBYiSPv
  267  git commit --amend
  268  cd
  269  ls
  270  mini-assignments-singaram-subramanyan
  271  cd mini-assignments-singaram-subramanyan
  272  ls
  273  cd Subramanyan-S_A2
  274  ls
  275  cd Subramanyan-S_a2_cmds.log
  276  vi Subramanyan-S_a2_cmds.log
  277  git commit --amend
  278  git push
  279  vim Subramanyan-S_a2_cmds.log
  280  git push
  281  ls
  282  cd mini-assignments-singaram-subramanyan
  283  ls
  284  mkdir Subramanyan-S_A4
  285  ls
  286  ls Subramanyan-S_A4
  287  cd Subramanyan-S_A4
  288  echoing.sh
  289  touch echoing.sh
  290  ls
  291  vim echoing.sh
  292  who
  293  DATE
  294  date
  295  $HOME
  296  $USER
  297  $<VARIABLE>
  298  <variable>
  299  $Variable
  300  $USER
  301  echo $USER
  302  echo who
  303  date
  304  echo $HOME
  305  vim echosing.sh
  306  sh echoing.sh
  307  sh echosing.sh
  308  vim echosing.sh
  309  sh echosing.sh
  310  vim echosing.sh
  311  cd
  312  ;s
  313  ls
  314  cd mini-assignments-singaram-subramanyan
  315  ls
  316  cd Subramanyan-S_A4
  317  ls
  318  vim echoing.sh
  319  vim echosing.sh
  320  vim echoing.sh
  321  sh echoing.sh s 20
  322  vim echoing.sh
  323  sh echoing.sh s 20
  324  vim echoing.sh
  325  sh echoing.sh s 20
  326  sh echoing.sh s /$20
  327  vim echoing.sh
  328  sh echoing.sh s /$20
  329  vim echoing.sh
  330  sh echoing.sh s /$20
  331  vim echoing.sh
  332  sh echoing.sh s /$20
  333  vim echoing.sh
  334  sh echoing.sh s /$20
  335  vim echoing.sh
  336  sh echoing.sh s /$20
  337  vim echoing.sh
  338  sh echoing.sh s /$20
  339  vim echoing.sh
  340  sh echoing.sh s /$20
  341  ls
  342  cd mini-assignments-singaram-subramanyan
  343  ls
  344  cd Subramanyan-S_A4
  345  git set-url origin https://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@github.com/CS131-BigDataProcessing/mini-assignments-singaram-subramanyan.git
  346  git remote set-url origin https://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@github.com/CS131-BigDataProcessing/mini-assignments-singaram-subramanyan.git
  347  git commit -m "Added A4 Directory"
  348  git add Subramanyan-S_A4
  349  git add echoing.sh
  350  git commit -m "Added A4 Directory"
  351  git push
  352  git pull
  353  git config pull.rebase false
  354  git pull
  355  rm echosing.sh
  356  git pull
  357  git fetch origin
  358  git reset --hard origin/main
  359  git pull
  360  git push
  361  ls
  362  cd 
  363  ls
  364  cd mini-assignments-singaram-subramanyan
  365  ls
  366  cd Subramanyan-S_A4
  367  ls
  368  touch echoing.sh
  369  ls
  370  vim echoing.sh
  371  sh echoing.sh
  372  sh echoing.sh s 20
  373  vim echoing.sh
  374  sh echoing.sh s 20
  375  git commit -m "Added A4 Directory"
  376  git add echoing.sh
  377  git commit -m "Added A4 Directory"
  378  git push
  379  cd
  380  ls
  381  cd  mini-assignments-singaram-subramanyan
  382  ls
  383  cd Subramanyan-S_A4
  384  ls
  385  cd echoing.sh
  386  vim echoing.sh
  387  sh echoing.sh s /$20
  388  vim echoing.sh
  389  sh echoing.sh s /$20
  390  vim echoing.sh
  391  sh echoing.sh s /$20
  392  vim echoing.sh
  393  sh echoing.sh s /$20
  394  sh echoing.sh s $20
  395  sh echoing.sh s $/20
  396  vim echoing.sh
  397  sh echoing.sh s 20
  398  :wq
  399  vim echoing.sh
  400  sh echoing.sh s 20
  401  ls
  402  cd
  403  cd mini-assignments-singaram-subramanyan
  404  ls
  405  mkdir Subramanyan-S_A5
  406  ls
  407  cd Subramanyan-S_A5
  408  ls
  409  touch age.sh
  410  ls
  411  vim age.sh
  412  sh age.sh 7
  413  :wq
  414  vim age.sh
  415  sh age.sh 7
  416  vim age.sh
  417  sh age.sh 7
  418  vim age.sh
  419  sh age.sh 7
  420  sh age.sh 13
  421  sh age.sh 17
  422  sh age.sh 48
  423  sh age.sh 72
  424  ls
  425  cdls
  426  cd  mini-assignments-singaram-subramanyan
  427  ls
  428  cd Subramanyan-S_A5
  429  ls
  430  touch temperature.sh
  431  vim tempertaure.sh
  432  vim age.sh
  433  vim tempertaure.sh
  434  sh temperature.sh 62
  435  sh age.sh 5
  436  sh temperature.sh
  437  sh temperature.sh 66
  438  vim tempertaure.sh
  439  sh temperature.sh 66
  440  vim tempertaure.sh
  441  sh temperature.sh 66
  442  vim age.sh
  443  ls
  444  cd
  445  cd mini-assignments-singaram-subramanyan
  446  ls
  447  cd Subramanyan-S_A5
  448  ls
  449  touch temperature.sh
  450  vim temperature.sh
  451  vim tempertaure.sh
  452  sh tempertaure.sh 66
  453  vim tempertaure.sh
  454  sh tempertaure.sh 66
  455  vim tempertaure.sh
  456  sh tempertaure.sh 66
  457  vim tempertaure.sh
  458  sh tempertaure.sh 66
  459  vim tempertaure.sh
  460  sh tempertaure.sh 66
  461  vim tempertaure.sh
  462  sh tempertaure.sh 66
  463  vim tempertaure.sh
  464  sh tempertaure.sh 66
  465  vim tempertaure.sh
  466  sh tempertaure.sh 66
  467  sh tempertaure.sh 62
  468  sh tempertaure.sh 5
  469  vim tempertaure.sh
  470  sh tempertaure.sh 5
  471  sh tempertaure.sh 62
  472  sh tempertaure.sh 5
  473  sh tempertaure.sh 97
  474  sh tempertaure.sh 73
  475  ls
  476  cd mini-assignments-singaram-subramanyan
  477  ls
  478  cd Subramanyan-S_A5
  479  git add age.sh
  480  ls
  481  sh tempertaure.sh 5
  482  vim tempertaure.sh
  483  vim temperature.sh
  484  sh temperature.sh 5
  485  git add temperature.sh
  486  git status
  487  git commit -m "Added Age and Temperature shell scripts"
  488  git push
  489  ls
  490  cd CS131_fa24_datafiles
  491  ls
  492  git pull
  493  ls
  494  cd Lec08
  495  ls
  496  awk -F, '{print $4}' airline_stats.csv
  497  awk -F, '{print $4}' airline_stats.csv | sort -nu
  498  awk -F -nu, '{print $4}' airline_stats.csv 
  499  awk -F, '{print $4}' airline_stats.csv | sort | uniq
  500  awk -F, '$1 > 10 {print $4}' airline_stats.csv
  501  awk -F, '$1 > 10 {print $4}' airline_stats.csv | sort | uniq
  502  awk -v Threshold="15" '$1 > Threshold {print $4}' airline_stats.csv | sort | uniq
  503  awk -v Threshold="15" '{ if ($1 > Threshold) print $4 }' airline_stats.csv
  504  $ awk -v Threshold=15 '{ if ($1 > Threshold) print $4 }' airline_stats.csv
  505  awk -v Threshold=15 '{ if ($1 > Threshold) print $4 }' airline_stats.csv
  506  awk -v Threshold=15 '$1 > Threshold {print $4}' airline_stats.csv
  507  cd
  508  ld
  509  ls
  510  cd CS131_fa24_datafiles
  511  ls
  512  cd Lec08
  513  ls
  514  awk -F, '{print $4}' airline_stats.csv
  515  awk -F, '{print $4}' airline_stats.csv | sort | uniq
  516  awk -F, '$1 > 10 {print $4}' airline_stats.csv
  517  awk -F, '$1 > 10 {print $4}' airline_stats.csv | sort
  518  awk -F, '$1 > 10 {print $4}' airline_stats.csv | sort | uniq
  519  awk -F -v Threshold=15 '$1 > Threshold {print $4}' airline_stats.csv
  520  awk -F -v Threshold=15 '{ if ($1 > Threshold) print $4 }' airline_stats.csv
  521  awk -v Threshold=15 -F '{ if ($1 > Threshold) print $4 }' airline_stats.csv
  522  awk -v Threshold=15 -F '$1 > Threshold {print $4}' airline_stats.csv
  523  awk -v -F Threshold=15 '$1 > Threshold {print $4}' airline_stats.csv
  524  ls
  525  cd CS131_fa24_datafiles
  526  ls
  527  cd Lec08
  528  ls
  529  awk -F, '{print $4}' airline_stats.csv
  530  awk -F, '{print $4}' airline_stats.csv | sort | uniq
  531  awk -F, '$1 > 10 {print $4}' airline_stats.csv
  532  awk -F, '$1 > 10 {print $4}' airline_stats.csv | sort | uniq
  533  awk -v Threshold=15 -F, '$1 > Threshold {print $4}' airline_stats.csv
  534  awk -v Threshold=15 -F, '$1 > Threshold {print $4}' airline_stats.csv | sort | uniq
  535  cd
  536  ls
  537  cd mini-assignments-singaram-subramanyan
  538  ls
  539  mkdir Subramanyan-S_A6
  540  ls
  541  cd Subramanyan-S_A6
  542  ls
  543  touch airline_inquiry.txt
  544  ls
  545  vim airline_inquiry.txt
  546  history > a6_cmds.log
